<?xml version="1.0" encoding="UTF-8"?>
<testng-results skipped="0" failed="0" ignored="0" total="1" passed="1">
  <reporter-output>
  </reporter-output>
  <suite name="Default suite" duration-ms="91330" started-at="2020-05-20T19:51:11Z" finished-at="2020-05-20T19:52:43Z">
    <groups>
    </groups>
    <test name="Default test" duration-ms="91330" started-at="2020-05-20T19:51:11Z" finished-at="2020-05-20T19:52:43Z">
      <class name="com.automation.familiar.TestCase_Title">
        <test-method status="PASS" signature="loginTestcase()[pri:0, instance:com.automation.familiar.TestCase_Title@37654521]" name="loginTestcase" duration-ms="91304" started-at="2020-05-20T19:51:11Z" finished-at="2020-05-20T19:52:43Z">
          <reporter-output>
          </reporter-output>
        </test-method> <!-- loginTestcase -->
      </class> <!-- com.automation.familiar.TestCase_Title -->
    </test> <!-- Default test -->
  </suite> <!-- Default suite -->
</testng-results>
